**********************
Windows PowerShell transcript start
Start time: 20230809231905
Username: PERSISTENT\deepmala_dubey
RunAs User: PERSISTENT\deepmala_dubey
Configuration Name: 
Machine: PSL-5WLH6Q3 (Microsoft Windows NT 10.0.22621.0)
Host Application: C:\Windows\System32\WindowsPowerShell\v1.0\powershell.exe
Process ID: 29776
PSVersion: 5.1.22621.1778
PSEdition: Desktop
PSCompatibleVersions: 1.0, 2.0, 3.0, 4.0, 5.0, 5.1.22621.1778
BuildVersion: 10.0.22621.1778
CLRVersion: 4.0.30319.42000
WSManStackVersion: 3.0
PSRemotingProtocolVersion: 2.3
SerializationVersion: 1.1.0.1
**********************
Transcript started, output file is deepmala__python_repl.log
PS C:\Users\deepmala_dubey> print("Deepmala")
Unable to initialize device PRN
PS C:\Users\deepmala_dubey> python
Python 3.11.4 (tags/v3.11.4:d2340ef, Jun  7 2023, 05:45:37) [MSC v.1934 64 bit (AMD64)] on win32
Type "help", "copyright", "credits" or "license" for more information.
>>> print("Deepmala")
Deepmala
>>> stop-transcript
Traceback (most recent call last):
  File "<stdin>", line 1, in <module>
NameError: name 'stop' is not defined
>>> ^Z^Z
PS C:\Users\deepmala_dubey> stop-transcript
**********************
Windows PowerShell transcript end
End time: 20230809232014
**********************
